<?xml version="1.0" encoding="UTF-8"?>
<robot generator="Robot 6.1.1 (Python 3.11.4 on win32)" generated="20231012 04:18:11.832" rpa="false" schemaversion="4">
<suite id="s1" name="Test Robot" source="D:\Year3_Term1\SDPX\chid_test\Chid_Test\test_robot.robot">
<test id="s1-t1" name="true_when_x_is_7" line="11">
<kw name="Create Session" library="RequestsLibrary">
<arg>session</arg>
<arg>http://127.0.0.1:5000/</arg>
<doc>Create Session: create a HTTP session to a server</doc>
<msg timestamp="20231012 04:18:11.950" level="INFO">Creating Session using : alias=session, url=http://127.0.0.1:5000/, headers={},                     cookies={}, auth=None, timeout=None, proxies=None, verify=False,                     debug=0 </msg>
<status status="PASS" starttime="20231012 04:18:11.950" endtime="20231012 04:18:11.951"/>
</kw>
<kw name="Check Is Prime">
<arg>17</arg>
<arg>True</arg>
<kw name="GET On Session" library="RequestsLibrary">
<var>${resp}</var>
<arg>session</arg>
<arg>/is_prime/${x}</arg>
<doc>Sends a GET request on a previously created HTTP Session.</doc>
<msg timestamp="20231012 04:18:11.957" level="INFO">GET Request : url=http://127.0.0.1:5000/is_prime/17 
 path_url=/is_prime/17 
 headers={'User-Agent': 'python-requests/2.31.0', 'Accept-Encoding': 'gzip, deflate', 'Accept': '*/*', 'Connection': 'keep-alive'} 
 body=None 
 </msg>
<msg timestamp="20231012 04:18:11.957" level="INFO">GET Response : url=http://127.0.0.1:5000/is_prime/17 
 status=200, reason=OK 
 headers={'Server': 'Werkzeug/2.1.2 Python/3.10.8', 'Date': 'Wed, 11 Oct 2023 21:18:11 GMT', 'Content-Type': 'text/html; charset=utf-8', 'Content-Length': '4', 'Connection': 'close'} 
 body=True 
 </msg>
<msg timestamp="20231012 04:18:11.957" level="INFO">${resp} = &lt;Response [200]&gt;</msg>
<status status="PASS" starttime="20231012 04:18:11.951" endtime="20231012 04:18:11.957"/>
</kw>
<kw name="Should Be Equal As Strings" library="BuiltIn">
<arg>${resp.text}</arg>
<arg>${expested_result}</arg>
<doc>Fails if objects are unequal after converting them to strings.</doc>
<status status="PASS" starttime="20231012 04:18:11.957" endtime="20231012 04:18:11.958"/>
</kw>
<status status="PASS" starttime="20231012 04:18:11.951" endtime="20231012 04:18:11.958"/>
</kw>
<status status="PASS" starttime="20231012 04:18:11.950" endtime="20231012 04:18:11.958"/>
</test>
<test id="s1-t2" name="false_when_x_is_36" line="15">
<kw name="Check Is Prime">
<arg>36</arg>
<arg>False</arg>
<kw name="GET On Session" library="RequestsLibrary">
<var>${resp}</var>
<arg>session</arg>
<arg>/is_prime/${x}</arg>
<doc>Sends a GET request on a previously created HTTP Session.</doc>
<msg timestamp="20231012 04:18:11.963" level="INFO">GET Request : url=http://127.0.0.1:5000/is_prime/36 
 path_url=/is_prime/36 
 headers={'User-Agent': 'python-requests/2.31.0', 'Accept-Encoding': 'gzip, deflate', 'Accept': '*/*', 'Connection': 'keep-alive'} 
 body=None 
 </msg>
<msg timestamp="20231012 04:18:11.964" level="INFO">GET Response : url=http://127.0.0.1:5000/is_prime/36 
 status=200, reason=OK 
 headers={'Server': 'Werkzeug/2.1.2 Python/3.10.8', 'Date': 'Wed, 11 Oct 2023 21:18:11 GMT', 'Content-Type': 'text/html; charset=utf-8', 'Content-Length': '5', 'Connection': 'close'} 
 body=False 
 </msg>
<msg timestamp="20231012 04:18:11.964" level="INFO">${resp} = &lt;Response [200]&gt;</msg>
<status status="PASS" starttime="20231012 04:18:11.960" endtime="20231012 04:18:11.964"/>
</kw>
<kw name="Should Be Equal As Strings" library="BuiltIn">
<arg>${resp.text}</arg>
<arg>${expested_result}</arg>
<doc>Fails if objects are unequal after converting them to strings.</doc>
<status status="PASS" starttime="20231012 04:18:11.964" endtime="20231012 04:18:11.964"/>
</kw>
<status status="PASS" starttime="20231012 04:18:11.960" endtime="20231012 04:18:11.964"/>
</kw>
<status status="PASS" starttime="20231012 04:18:11.960" endtime="20231012 04:18:11.965"/>
</test>
<test id="s1-t3" name="false_when_x_is_13219" line="18">
<kw name="Check Is Prime">
<arg>13219</arg>
<arg>True</arg>
<kw name="GET On Session" library="RequestsLibrary">
<var>${resp}</var>
<arg>session</arg>
<arg>/is_prime/${x}</arg>
<doc>Sends a GET request on a previously created HTTP Session.</doc>
<msg timestamp="20231012 04:18:11.971" level="INFO">GET Request : url=http://127.0.0.1:5000/is_prime/13219 
 path_url=/is_prime/13219 
 headers={'User-Agent': 'python-requests/2.31.0', 'Accept-Encoding': 'gzip, deflate', 'Accept': '*/*', 'Connection': 'keep-alive'} 
 body=None 
 </msg>
<msg timestamp="20231012 04:18:11.971" level="INFO">GET Response : url=http://127.0.0.1:5000/is_prime/13219 
 status=200, reason=OK 
 headers={'Server': 'Werkzeug/2.1.2 Python/3.10.8', 'Date': 'Wed, 11 Oct 2023 21:18:11 GMT', 'Content-Type': 'text/html; charset=utf-8', 'Content-Length': '4', 'Connection': 'close'} 
 body=True 
 </msg>
<msg timestamp="20231012 04:18:11.971" level="INFO">${resp} = &lt;Response [200]&gt;</msg>
<status status="PASS" starttime="20231012 04:18:11.967" endtime="20231012 04:18:11.971"/>
</kw>
<kw name="Should Be Equal As Strings" library="BuiltIn">
<arg>${resp.text}</arg>
<arg>${expested_result}</arg>
<doc>Fails if objects are unequal after converting them to strings.</doc>
<status status="PASS" starttime="20231012 04:18:11.971" endtime="20231012 04:18:11.971"/>
</kw>
<status status="PASS" starttime="20231012 04:18:11.967" endtime="20231012 04:18:11.971"/>
</kw>
<status status="PASS" starttime="20231012 04:18:11.966" endtime="20231012 04:18:11.972"/>
</test>
<status status="PASS" starttime="20231012 04:18:11.834" endtime="20231012 04:18:11.973"/>
</suite>
<statistics>
<total>
<stat pass="3" fail="0" skip="0">All Tests</stat>
</total>
<tag>
</tag>
<suite>
<stat pass="3" fail="0" skip="0" id="s1" name="Test Robot">Test Robot</stat>
</suite>
</statistics>
<errors>
</errors>
</robot>
