<?xml version="1.0" encoding="UTF-8"?>
<robot generator="Robot 6.1.1 (Python 3.11.4 on win32)" generated="20231012 04:16:47.562" rpa="false" schemaversion="4">
<suite id="s1" name="Chid Test" source="D:\Year3_Term1\SDPX\chid_test\Chid_Test">
<suite id="s1-s1" name="Test Robot" source="D:\Year3_Term1\SDPX\chid_test\Chid_Test\test_robot.robot">
<test id="s1-s1-t1" name="true_when_x_is_7" line="11">
<kw name="Create Session" library="RequestsLibrary">
<arg>session</arg>
<arg>http://127.0.0.1:5000/</arg>
<doc>Create Session: create a HTTP session to a server</doc>
<msg timestamp="20231012 04:16:47.714" level="INFO">Creating Session using : alias=session, url=http://127.0.0.1:5000/, headers={},                     cookies={}, auth=None, timeout=None, proxies=None, verify=False,                     debug=0 </msg>
<status status="PASS" starttime="20231012 04:16:47.714" endtime="20231012 04:16:47.715"/>
</kw>
<kw name="Check Is Prime">
<arg>7</arg>
<arg>True</arg>
<kw name="GET On Session" library="RequestsLibrary">
<var>${resp}</var>
<arg>session</arg>
<arg>/is_prime/${x}</arg>
<doc>Sends a GET request on a previously created HTTP Session.</doc>
<msg timestamp="20231012 04:16:47.723" level="INFO">GET Request : url=http://127.0.0.1:5000/is_prime/7 
 path_url=/is_prime/7 
 headers={'User-Agent': 'python-requests/2.31.0', 'Accept-Encoding': 'gzip, deflate', 'Accept': '*/*', 'Connection': 'keep-alive'} 
 body=None 
 </msg>
<msg timestamp="20231012 04:16:47.724" level="INFO">GET Response : url=http://127.0.0.1:5000/is_prime/7 
 status=200, reason=OK 
 headers={'Server': 'Werkzeug/2.1.2 Python/3.10.8', 'Date': 'Wed, 11 Oct 2023 21:16:47 GMT', 'Content-Type': 'text/html; charset=utf-8', 'Content-Length': '4', 'Connection': 'close'} 
 body=True 
 </msg>
<msg timestamp="20231012 04:16:47.724" level="INFO">${resp} = &lt;Response [200]&gt;</msg>
<status status="PASS" starttime="20231012 04:16:47.717" endtime="20231012 04:16:47.724"/>
</kw>
<kw name="Should Be Equal As Strings" library="BuiltIn">
<arg>${resp.text}</arg>
<arg>${expested_result}</arg>
<doc>Fails if objects are unequal after converting them to strings.</doc>
<status status="PASS" starttime="20231012 04:16:47.724" endtime="20231012 04:16:47.725"/>
</kw>
<status status="PASS" starttime="20231012 04:16:47.716" endtime="20231012 04:16:47.725"/>
</kw>
<status status="PASS" starttime="20231012 04:16:47.712" endtime="20231012 04:16:47.726"/>
</test>
<status status="PASS" starttime="20231012 04:16:47.605" endtime="20231012 04:16:47.728"/>
</suite>
<status status="PASS" starttime="20231012 04:16:47.580" endtime="20231012 04:16:47.731"/>
</suite>
<statistics>
<total>
<stat pass="1" fail="0" skip="0">All Tests</stat>
</total>
<tag>
</tag>
<suite>
<stat pass="1" fail="0" skip="0" id="s1" name="Chid Test">Chid Test</stat>
<stat pass="1" fail="0" skip="0" id="s1-s1" name="Test Robot">Chid Test.Test Robot</stat>
</suite>
</statistics>
<errors>
</errors>
</robot>
